0 info it worked if it ends with ok
1 verbose cli [ '/Users/Patrick/.nvm/versions/node/v5.6.0/bin/node',
1 verbose cli   '/Users/Patrick/.nvm/versions/node/v5.6.0/bin/npm',
1 verbose cli   'run',
1 verbose cli   'watch' ]
2 info using npm@3.6.0
3 info using node@v5.6.0
4 verbose run-script [ 'prewatch', 'watch', 'postwatch' ]
5 info lifecycle irontrivia@1.0.0~prewatch: irontrivia@1.0.0
6 silly lifecycle irontrivia@1.0.0~prewatch: no script for prewatch, continuing
7 info lifecycle irontrivia@1.0.0~watch: irontrivia@1.0.0
8 verbose lifecycle irontrivia@1.0.0~watch: unsafe-perm in lifecycle true
9 verbose lifecycle irontrivia@1.0.0~watch: PATH: /Users/Patrick/.nvm/versions/node/v5.6.0/lib/node_modules/npm/bin/node-gyp-bin:/Users/Patrick/Documents/IronTrivia/public/node_modules/.bin:/Users/Patrick/.nvm/versions/node/v5.6.0/bin:/usr/local/bin:/usr/bin:/bin:/usr/sbin:/sbin
10 verbose lifecycle irontrivia@1.0.0~watch: CWD: /Users/Patrick/Documents/IronTrivia/public
11 silly lifecycle irontrivia@1.0.0~watch: Args: [ '-c',
11 silly lifecycle   'node-sass css/styles.scss css/styles.css -w & node_modules/.bin/watchify js/main.js -o js/bundle.js' ]
12 info lifecycle irontrivia@1.0.0~watch: Failed to exec watch script
13 verbose stack Error: irontrivia@1.0.0 watch: `node-sass css/styles.scss css/styles.css -w & node_modules/.bin/watchify js/main.js -o js/bundle.js`
13 verbose stack spawn ENOENT
13 verbose stack     at ChildProcess.<anonymous> (/Users/Patrick/.nvm/versions/node/v5.6.0/lib/node_modules/npm/lib/utils/spawn.js:17:16)
13 verbose stack     at emitTwo (events.js:100:13)
13 verbose stack     at ChildProcess.emit (events.js:185:7)
13 verbose stack     at maybeClose (internal/child_process.js:827:16)
13 verbose stack     at Process.ChildProcess._handle.onexit (internal/child_process.js:211:5)
14 verbose pkgid irontrivia@1.0.0
15 verbose cwd /Users/Patrick/Documents/IronTrivia/public
16 error Darwin 15.3.0
17 error argv "/Users/Patrick/.nvm/versions/node/v5.6.0/bin/node" "/Users/Patrick/.nvm/versions/node/v5.6.0/bin/npm" "run" "watch"
18 error node v5.6.0
19 error npm  v3.6.0
20 error file sh
21 error code ELIFECYCLE
22 error errno ENOENT
23 error syscall spawn
24 error irontrivia@1.0.0 watch: `node-sass css/styles.scss css/styles.css -w & node_modules/.bin/watchify js/main.js -o js/bundle.js`
24 error spawn ENOENT
25 error Failed at the irontrivia@1.0.0 watch script 'node-sass css/styles.scss css/styles.css -w & node_modules/.bin/watchify js/main.js -o js/bundle.js'.
25 error Make sure you have the latest version of node.js and npm installed.
25 error If you do, this is most likely a problem with the irontrivia package,
25 error not with npm itself.
25 error Tell the author that this fails on your system:
25 error     node-sass css/styles.scss css/styles.css -w & node_modules/.bin/watchify js/main.js -o js/bundle.js
25 error You can get information on how to open an issue for this project with:
25 error     npm bugs irontrivia
25 error Or if that isn't available, you can get their info via:
25 error     npm owner ls irontrivia
25 error There is likely additional logging output above.
26 verbose exit [ 1, true ]
